#
# A fatal error has been detected by the Java Runtime Environment:
#
#  EXCEPTION_UNCAUGHT_CXX_EXCEPTION (0xe06d7363) at pc=0x00007ff8f60b565c, pid=24700, tid=21908
#
# JRE version: OpenJDK Runtime Environment Temurin-17.0.4.1+1 (17.0.4.1+1) (build 17.0.4.1+1)
# Java VM: OpenJDK 64-Bit Server VM Temurin-17.0.4.1+1 (17.0.4.1+1, mixed mode, tiered, compressed oops, compressed class ptrs, g1 gc, windows-amd64)
# Problematic frame:
# C  [KERNELBASE.dll+0x6565c]
#
# No core dump will be written. Minidumps are not enabled by default on client versions of Windows
#
# If you would like to submit a bug report, please visit:
#   https://github.com/adoptium/adoptium-support/issues
#

---------------  S U M M A R Y ------------

Command Line: -Dfile.encoding=UTF-8 -XX:+ShowCodeDetailsInExceptionMessages StudentFile.stuMain

Host: 12th Gen Intel(R) Core(TM) i5-12400, 12 cores, 15G,  Windows 11 , 64 bit Build 22621 (10.0.22621.2506)
Time: Thu Dec  7 18:55:40 2023  Windows 11 , 64 bit Build 22621 (10.0.22621.2506) elapsed time: 0.202650 seconds (0d 0h 0m 0s)

---------------  T H R E A D  ---------------

Current thread (0x0000023ec941ae20):  JavaThread "main" [_thread_in_vm, id=21908, stack(0x000000a80fc00000,0x000000a80fd00000)]

Stack: [0x000000a80fc00000,0x000000a80fd00000],  sp=0x000000a80fcfd940,  free space=1014k
Native frames: (J=compiled Java code, j=interpreted, Vv=VM code, C=native code)
C  [KERNELBASE.dll+0x6565c]
C  [VCRUNTIME140.dll+0x6220]
C  [jimage.dll+0x32a7]
C  [jimage.dll+0x2a15]
C  [jimage.dll+0x145b]
C  [jimage.dll+0x1e97]
C  [jimage.dll+0x1f2e]
C  [jimage.dll+0x2666]
V  [jvm.dll+0x1f255d]
V  [jvm.dll+0x1f1182]
V  [jvm.dll+0x7ac56b]
V  [jvm.dll+0x7ad912]
V  [jvm.dll+0x7adc48]
V  [jvm.dll+0x23db7e]
V  [jvm.dll+0x23ddcf]
V  [jvm.dll+0x559f88]
V  [jvm.dll+0x55ce37]
V  [jvm.dll+0x383307]
V  [jvm.dll+0x38295f]
C  0x0000023eccafa622

Java frames: (J=compiled Java code, j=interpreted, Vv=VM code)
j  java.lang.String.toLowerCase()Ljava/lang/String;+1 java.base@17.0.4.1
j  sun.net.util.URLUtil.urlNoFragString(Ljava/net/URL;)Ljava/lang/String;+18 java.base@17.0.4.1
j  jdk.internal.loader.URLClassPath.getLoader(I)Ljdk/internal/loader/URLClassPath$Loader;+61 java.base@17.0.4.1
j  jdk.internal.loader.URLClassPath.getResource(Ljava/lang/String;Z)Ljdk/internal/loader/Resource;+42 java.base@17.0.4.1
j  jdk.internal.loader.BuiltinClassLoader.findClassOnClassPathOrNull(Ljava/lang/String;)Ljava/lang/Class;+26 java.base@17.0.4.1
j  jdk.internal.loader.BuiltinClassLoader.loadClassOrNull(Ljava/lang/String;Z)Ljava/lang/Class;+111 java.base@17.0.4.1
j  jdk.internal.loader.BuiltinClassLoader.loadClass(Ljava/lang/String;Z)Ljava/lang/Class;+3 java.base@17.0.4.1
j  jdk.internal.loader.ClassLoaders$AppClassLoader.loadClass(Ljava/lang/String;Z)Ljava/lang/Class;+36 java.base@17.0.4.1
j  java.lang.ClassLoader.loadClass(Ljava/lang/String;)Ljava/lang/Class;+3 java.base@17.0.4.1
v  ~StubRoutines::call_stub
j  java.lang.Class.forName0(Ljava/lang/String;ZLjava/lang/ClassLoader;Ljava/lang/Class;)Ljava/lang/Class;+0 java.base@17.0.4.1
j  java.lang.Class.forName(Ljava/lang/String;ZLjava/lang/ClassLoader;)Ljava/lang/Class;+43 java.base@17.0.4.1
j  sun.launcher.LauncherHelper.loadMainClass(ILjava/lang/String;)Ljava/lang/Class;+95 java.base@17.0.4.1
j  sun.launcher.LauncherHelper.checkAndLoadMain(ZILjava/lang/String;)Ljava/lang/Class;+42 java.base@17.0.4.1
v  ~StubRoutines::call_stub

siginfo: EXCEPTION_UNCAUGHT_CXX_EXCEPTION (0xe06d7363), ExceptionInformation=0x0000000019930520 0x000000a80fcfdaa0 0x00007ff8e40a5138 0x00007ff8e40a0000 


Register to memory mapping:

RIP=0x00007ff8f60b565c KERNELBASE.dll
RAX=0x00000000e8722008 is an unknown value
RBX=0x00007ff8e40a5138 jimage.dll
RCX=0x0 is NULL
RDX=0x0 is NULL
RSP=0x000000a80fcfd940 is pointing into the stack for thread: 0x0000023ec941ae20
RBP=0x000000a80fcfdbd0 is pointing into the stack for thread: 0x0000023ec941ae20
RSI=0x000000a80fcfdaa0 is pointing into the stack for thread: 0x0000023ec941ae20
RDI=0x0000000019930520 is an unknown value
R8 =0x00007ff8ad33c7b3 jvm.dll
R9 =0x00000000e860b608 is an unknown value
R10=0x00000000e8720518 is an unknown value
R11=0x00000000e8715f50 is an unknown value
R12=0x0000000000008027 is an unknown value
R13=0x0000023ec941b300 points into unknown readable memory: 0x6974752f6176616a | 6a 61 76 61 2f 75 74 69
R14=0x0000023ee8e48f30 points into unknown readable memory: 0x01060005000c0400 | 00 04 0c 00 05 00 06 01
R15=0x0000023ee8e48f30 points into unknown readable memory: 0x01060005000c0400 | 00 04 0c 00 05 00 06 01


Registers:
RAX=0x00000000e8722008, RBX=0x00007ff8e40a5138, RCX=0x0000000000000000, RDX=0x0000000000000000
RSP=0x000000a80fcfd940, RBP=0x000000a80fcfdbd0, RSI=0x000000a80fcfdaa0, RDI=0x0000000019930520
R8 =0x00007ff8ad33c7b3, R9 =0x00000000e860b608, R10=0x00000000e8720518, R11=0x00000000e8715f50
R12=0x0000000000008027, R13=0x0000023ec941b300, R14=0x0000023ee8e48f30, R15=0x0000023ee8e48f30
RIP=0x00007ff8f60b565c, EFLAGS=0x0000000000000206

Top of Stack: (sp=0x000000a80fcfd940)
0x000000a80fcfd940:   0000023ec9419bf0 00007ff8e40a5138
0x000000a80fcfd950:   000000a80fcfdaa0 0000000000000506
0x000000a80fcfd960:   00000081e06d7363 0000000000000000
0x000000a80fcfd970:   00007ff8f60b565c 0000000000000004
0x000000a80fcfd980:   0000000019930520 000000a80fcfdaa0
0x000000a80fcfd990:   00007ff8e40a5138 00007ff8e40a0000
0x000000a80fcfd9a0:   0000023e00000000 0000023ec7140000
0x000000a80fcfd9b0:   0000000000000000 00007ff8e40a5138
0x000000a80fcfd9c0:   0000023ee8e48f30 00007ff8f89265bf
0x000000a80fcfd9d0:   000000a80fcfda40 00007ff8e40a7000
0x000000a80fcfd9e0:   000000a80fcfdaa0 0000000019930520
0x000000a80fcfd9f0:   00007ff8e40a7000 00007ff8e40a0000
0x000000a80fcfda00:   0000aaaf41326f00 00007ff8f607401b
0x000000a80fcfda10:   00007ff8e40a5138 00007ff8e5c96220
0x000000a80fcfda20:   0000ef71e7fdc2ed 0000000000000010
0x000000a80fcfda30:   0000000000000008 00007ff8f5c400b5 

Instructions: (pc=0x00007ff8f60b565c)
0x00007ff8f60b555c:   ff 4c 8d 05 ac 5d 2c 00 33 d2 b9 00 00 10 00 e8
0x00007ff8f60b556c:   90 92 fd ff 4c 8b f0 48 89 44 24 58 48 85 c0 0f
0x00007ff8f60b557c:   84 0b fe ff ff 4c 8d 05 d0 5d 2c 00 33 d2 8d 4a
0x00007ff8f60b558c:   02 e8 6e 92 fd ff 48 8b f8 48 89 44 24 50 e9 ed
0x00007ff8f60b559c:   fd ff ff 45 33 c0 49 8b d7 48 83 c9 ff e8 42 68
0x00007ff8f60b55ac:   01 00 e9 08 ff ff ff 48 8b 0d 56 36 2f 00 e8 e1
0x00007ff8f60b55bc:   10 fd ff 48 8b cf e8 99 ea fb ff e9 f8 fe ff ff
0x00007ff8f60b55cc:   49 8b ce e8 8c ea fb ff e9 f4 fe ff ff 48 8b ce
0x00007ff8f60b55dc:   e8 7f ea fb ff e9 f0 fe ff ff cc cc 71 18 d3 7a
0x00007ff8f60b55ec:   1a 87 89 f9 48 81 ec d8 00 00 00 48 8b 05 82 09
0x00007ff8f60b55fc:   2f 00 48 33 c4 48 89 84 24 c0 00 00 00 48 83 64
0x00007ff8f60b560c:   24 28 00 48 8d 05 da ff ff ff 83 e2 01 89 4c 24
0x00007ff8f60b561c:   20 89 54 24 24 48 89 44 24 30 4d 85 c9 74 4f b8
0x00007ff8f60b562c:   0f 00 00 00 48 8d 4c 24 40 44 3b c0 49 8b d1 41
0x00007ff8f60b563c:   0f 46 c0 44 8b c0 44 89 44 24 38 49 c1 e0 03 e8
0x00007ff8f60b564c:   37 ec 05 00 48 8d 4c 24 20 48 ff 15 a4 b1 1f 00
0x00007ff8f60b565c:   0f 1f 44 00 00 48 8b 8c 24 c0 00 00 00 48 33 cc
0x00007ff8f60b566c:   e8 bf 2f 05 00 48 81 c4 d8 00 00 00 c3 cc 83 64
0x00007ff8f60b567c:   24 38 00 eb cf cc cc cc cc cc cc cc 48 8b c4 48
0x00007ff8f60b568c:   89 58 08 48 89 70 10 48 89 78 18 4c 89 68 20 55
0x00007ff8f60b569c:   41 56 41 57 48 8d 68 a1 48 81 ec e0 00 00 00 48
0x00007ff8f60b56ac:   8b 05 ce 08 2f 00 48 33 c4 48 89 45 3f 45 33 ff
0x00007ff8f60b56bc:   66 c7 45 2b 00 05 48 8d 45 c7 44 89 7d 27 48 89
0x00007ff8f60b56cc:   44 24 50 48 8d 4d 27 44 89 7c 24 48 45 33 c9 44
0x00007ff8f60b56dc:   89 7c 24 40 45 8d 47 12 44 89 7c 24 38 b2 01 44
0x00007ff8f60b56ec:   89 7c 24 30 41 8b df 44 89 7c 24 28 41 8b ff 44
0x00007ff8f60b56fc:   89 7c 24 20 45 8b f7 44 89 7d 2f 66 c7 45 33 00
0x00007ff8f60b570c:   01 44 89 7d 37 66 c7 45 3b 00 10 4c 89 7d c7 4c
0x00007ff8f60b571c:   89 7d cf 4c 89 7d d7 4c 89 7d df 48 ff 15 f2 b1
0x00007ff8f60b572c:   1f 00 0f 1f 44 00 00 85 c0 0f 88 a7 02 00 00 48
0x00007ff8f60b573c:   8d 45 cf 41 b9 20 02 00 00 48 89 44 24 50 45 8d
0x00007ff8f60b574c:   6f 02 44 89 7c 24 48 45 8d 47 20 44 89 7c 24 40 


Stack slot to memory mapping:
stack at sp + 0 slots: 0x0000023ec9419bf0 points into unknown readable memory: 0x0000000714000a70 | 70 0a 00 14 07 00 00 00
stack at sp + 1 slots: 0x00007ff8e40a5138 jimage.dll
stack at sp + 2 slots: 0x000000a80fcfdaa0 is pointing into the stack for thread: 0x0000023ec941ae20
stack at sp + 3 slots: 0x0000000000000506 is an unknown value
stack at sp + 4 slots: 0x00000081e06d7363 is an unknown value
stack at sp + 5 slots: 0x0 is NULL
stack at sp + 6 slots: 0x00007ff8f60b565c KERNELBASE.dll
stack at sp + 7 slots: 0x0000000000000004 is an unknown value


---------------  P R O C E S S  ---------------

Threads class SMR info:
_java_thread_list=0x0000023ee8df9ac0, length=11, elements={
0x0000023ec941ae20, 0x0000023ee824e010, 0x0000023ee8c3ff00, 0x0000023ee8ccce70,
0x0000023ee8ccd730, 0x0000023ee8cd0210, 0x0000023ee8cd27e0, 0x0000023ee8ce6450,
0x0000023ee8ce6f10, 0x0000023ee8ce9520, 0x0000023ee8e45c10
}

Java Threads: ( => current thread )
=>0x0000023ec941ae20 JavaThread "main" [_thread_in_vm, id=21908, stack(0x000000a80fc00000,0x000000a80fd00000)]
  0x0000023ee824e010 JavaThread "Reference Handler" daemon [_thread_blocked, id=23916, stack(0x000000a810300000,0x000000a810400000)]
  0x0000023ee8c3ff00 JavaThread "Finalizer" daemon [_thread_blocked, id=24632, stack(0x000000a810400000,0x000000a810500000)]
  0x0000023ee8ccce70 JavaThread "Signal Dispatcher" daemon [_thread_blocked, id=22644, stack(0x000000a810500000,0x000000a810600000)]
  0x0000023ee8ccd730 JavaThread "Attach Listener" daemon [_thread_blocked, id=1884, stack(0x000000a810600000,0x000000a810700000)]
  0x0000023ee8cd0210 JavaThread "Service Thread" daemon [_thread_blocked, id=23952, stack(0x000000a810700000,0x000000a810800000)]
  0x0000023ee8cd27e0 JavaThread "Monitor Deflation Thread" daemon [_thread_blocked, id=22504, stack(0x000000a810800000,0x000000a810900000)]
  0x0000023ee8ce6450 JavaThread "C2 CompilerThread0" daemon [_thread_blocked, id=24408, stack(0x000000a810900000,0x000000a810a00000)]
  0x0000023ee8ce6f10 JavaThread "C1 CompilerThread0" daemon [_thread_blocked, id=24812, stack(0x000000a810a00000,0x000000a810b00000)]
  0x0000023ee8ce9520 JavaThread "Sweeper thread" daemon [_thread_blocked, id=11620, stack(0x000000a810b00000,0x000000a810c00000)]
  0x0000023ee8e45c10 JavaThread "Notification Thread" daemon [_thread_blocked, id=25240, stack(0x000000a810c00000,0x000000a810d00000)]

Other Threads:
  0x0000023ee8c757b0 VMThread "VM Thread" [stack: 0x000000a810200000,0x000000a810300000] [id=24612]
  0x0000023ec94a5610 WatcherThread [stack: 0x000000a810d00000,0x000000a810e00000] [id=24436]
  0x0000023ec94887e0 GCTaskThread "GC Thread#0" [stack: 0x000000a80fd00000,0x000000a80fe00000] [id=24468]
  0x0000023ec9499a50 ConcurrentGCThread "G1 Main Marker" [stack: 0x000000a80fe00000,0x000000a80ff00000] [id=14676]
  0x0000023ec949a460 ConcurrentGCThread "G1 Conc#0" [stack: 0x000000a80ff00000,0x000000a810000000] [id=24572]
  0x0000023ee80fca80 ConcurrentGCThread "G1 Refine#0" [stack: 0x000000a810000000,0x000000a810100000] [id=22760]
  0x0000023ee80fd4a0 ConcurrentGCThread "G1 Service" [stack: 0x000000a810100000,0x000000a810200000] [id=24952]

Threads with active compile tasks:

VM state: not at safepoint (normal execution)

VM Mutex/Monitor currently owned by a thread: None

Heap address: 0x0000000704600000, size: 4026 MB, Compressed Oops mode: Zero based, Oop shift amount: 3

CDS archive(s) not mapped
Compressed class space mapped at: 0x0000000800000000-0x0000000840000000, reserved size: 1073741824
Narrow klass base: 0x0000000800000000, Narrow klass shift: 0, Narrow klass range: 0x40000000

GC Precious Log:
 CPUs: 12 total, 12 available
 Memory: 16099M
 Large Page Support: Disabled
 NUMA Support: Disabled
 Compressed Oops: Enabled (Zero based)
 Heap Region Size: 2M
 Heap Min Capacity: 8M
 Heap Initial Capacity: 252M
 Heap Max Capacity: 4026M
 Pre-touch: Disabled
 Parallel Workers: 10
 Concurrent Workers: 3
 Concurrent Refinement Workers: 10
 Periodic GC: Disabled

Heap:
 garbage-first heap   total 258048K, used 0K [0x0000000704600000, 0x0000000800000000)
  region size 2048K, 1 young (2048K), 0 survivors (0K)
 Metaspace       used 3564K, committed 3648K, reserved 1056768K
  class space    used 281K, committed 320K, reserved 1048576K

Heap Regions: E=young(eden), S=young(survivor), O=old, HS=humongous(starts), HC=humongous(continues), CS=collection set, F=free, OA=open archive, CA=closed archive, TAMS=top-at-mark-start (previous, next)
|   0|0x0000000704600000, 0x0000000704600000, 0x0000000704800000|  0%| F|  |TAMS 0x0000000704600000, 0x0000000704600000| Untracked 
|   1|0x0000000704800000, 0x0000000704800000, 0x0000000704a00000|  0%| F|  |TAMS 0x0000000704800000, 0x0000000704800000| Untracked 
|   2|0x0000000704a00000, 0x0000000704a00000, 0x0000000704c00000|  0%| F|  |TAMS 0x0000000704a00000, 0x0000000704a00000| Untracked 
|   3|0x0000000704c00000, 0x0000000704c00000, 0x0000000704e00000|  0%| F|  |TAMS 0x0000000704c00000, 0x0000000704c00000| Untracked 
|   4|0x0000000704e00000, 0x0000000704e00000, 0x0000000705000000|  0%| F|  |TAMS 0x0000000704e00000, 0x0000000704e00000| Untracked 
|   5|0x0000000705000000, 0x0000000705000000, 0x0000000705200000|  0%| F|  |TAMS 0x0000000705000000, 0x0000000705000000| Untracked 
|   6|0x0000000705200000, 0x0000000705200000, 0x0000000705400000|  0%| F|  |TAMS 0x0000000705200000, 0x0000000705200000| Untracked 
|   7|0x0000000705400000, 0x0000000705400000, 0x0000000705600000|  0%| F|  |TAMS 0x0000000705400000, 0x0000000705400000| Untracked 
|   8|0x0000000705600000, 0x0000000705600000, 0x0000000705800000|  0%| F|  |TAMS 0x0000000705600000, 0x0000000705600000| Untracked 
|   9|0x0000000705800000, 0x0000000705800000, 0x0000000705a00000|  0%| F|  |TAMS 0x0000000705800000, 0x0000000705800000| Untracked 
|  10|0x0000000705a00000, 0x0000000705a00000, 0x0000000705c00000|  0%| F|  |TAMS 0x0000000705a00000, 0x0000000705a00000| Untracked 
|  11|0x0000000705c00000, 0x0000000705c00000, 0x0000000705e00000|  0%| F|  |TAMS 0x0000000705c00000, 0x0000000705c00000| Untracked 
|  12|0x0000000705e00000, 0x0000000705e00000, 0x0000000706000000|  0%| F|  |TAMS 0x0000000705e00000, 0x0000000705e00000| Untracked 
|  13|0x0000000706000000, 0x0000000706000000, 0x0000000706200000|  0%| F|  |TAMS 0x0000000706000000, 0x0000000706000000| Untracked 
|  14|0x0000000706200000, 0x0000000706200000, 0x0000000706400000|  0%| F|  |TAMS 0x0000000706200000, 0x0000000706200000| Untracked 
|  15|0x0000000706400000, 0x0000000706400000, 0x0000000706600000|  0%| F|  |TAMS 0x0000000706400000, 0x0000000706400000| Untracked 
|  16|0x0000000706600000, 0x0000000706600000, 0x0000000706800000|  0%| F|  |TAMS 0x0000000706600000, 0x0000000706600000| Untracked 
|  17|0x0000000706800000, 0x0000000706800000, 0x0000000706a00000|  0%| F|  |TAMS 0x0000000706800000, 0x0000000706800000| Untracked 
|  18|0x0000000706a00000, 0x0000000706a00000, 0x0000000706c00000|  0%| F|  |TAMS 0x0000000706a00000, 0x0000000706a00000| Untracked 
|  19|0x0000000706c00000, 0x0000000706c00000, 0x0000000706e00000|  0%| F|  |TAMS 0x0000000706c00000, 0x0000000706c00000| Untracked 
|  20|0x0000000706e00000, 0x0000000706e00000, 0x0000000707000000|  0%| F|  |TAMS 0x0000000706e00000, 0x0000000706e00000| Untracked 
|  21|0x0000000707000000, 0x0000000707000000, 0x0000000707200000|  0%| F|  |TAMS 0x0000000707000000, 0x0000000707000000| Untracked 
|  22|0x0000000707200000, 0x0000000707200000, 0x0000000707400000|  0%| F|  |TAMS 0x0000000707200000, 0x0000000707200000| Untracked 
|  23|0x0000000707400000, 0x0000000707400000, 0x0000000707600000|  0%| F|  |TAMS 0x0000000707400000, 0x0000000707400000| Untracked 
|  24|0x0000000707600000, 0x0000000707600000, 0x0000000707800000|  0%| F|  |TAMS 0x0000000707600000, 0x0000000707600000| Untracked 
|  25|0x0000000707800000, 0x0000000707800000, 0x0000000707a00000|  0%| F|  |TAMS 0x0000000707800000, 0x0000000707800000| Untracked 
|  26|0x0000000707a00000, 0x0000000707a00000, 0x0000000707c00000|  0%| F|  |TAMS 0x0000000707a00000, 0x0000000707a00000| Untracked 
|  27|0x0000000707c00000, 0x0000000707c00000, 0x0000000707e00000|  0%| F|  |TAMS 0x0000000707c00000, 0x0000000707c00000| Untracked 
|  28|0x0000000707e00000, 0x0000000707e00000, 0x0000000708000000|  0%| F|  |TAMS 0x0000000707e00000, 0x0000000707e00000| Untracked 
|  29|0x0000000708000000, 0x0000000708000000, 0x0000000708200000|  0%| F|  |TAMS 0x0000000708000000, 0x0000000708000000| Untracked 
|  30|0x0000000708200000, 0x0000000708200000, 0x0000000708400000|  0%| F|  |TAMS 0x0000000708200000, 0x0000000708200000| Untracked 
|  31|0x0000000708400000, 0x0000000708400000, 0x0000000708600000|  0%| F|  |TAMS 0x0000000708400000, 0x0000000708400000| Untracked 
|  32|0x0000000708600000, 0x0000000708600000, 0x0000000708800000|  0%| F|  |TAMS 0x0000000708600000, 0x0000000708600000| Untracked 
|  33|0x0000000708800000, 0x0000000708800000, 0x0000000708a00000|  0%| F|  |TAMS 0x0000000708800000, 0x0000000708800000| Untracked 
|  34|0x0000000708a00000, 0x0000000708a00000, 0x0000000708c00000|  0%| F|  |TAMS 0x0000000708a00000, 0x0000000708a00000| Untracked 
|  35|0x0000000708c00000, 0x0000000708c00000, 0x0000000708e00000|  0%| F|  |TAMS 0x0000000708c00000, 0x0000000708c00000| Untracked 
|  36|0x0000000708e00000, 0x0000000708e00000, 0x0000000709000000|  0%| F|  |TAMS 0x0000000708e00000, 0x0000000708e00000| Untracked 
|  37|0x0000000709000000, 0x0000000709000000, 0x0000000709200000|  0%| F|  |TAMS 0x0000000709000000, 0x0000000709000000| Untracked 
|  38|0x0000000709200000, 0x0000000709200000, 0x0000000709400000|  0%| F|  |TAMS 0x0000000709200000, 0x0000000709200000| Untracked 
|  39|0x0000000709400000, 0x0000000709400000, 0x0000000709600000|  0%| F|  |TAMS 0x0000000709400000, 0x0000000709400000| Untracked 
|  40|0x0000000709600000, 0x0000000709600000, 0x0000000709800000|  0%| F|  |TAMS 0x0000000709600000, 0x0000000709600000| Untracked 
|  41|0x0000000709800000, 0x0000000709800000, 0x0000000709a00000|  0%| F|  |TAMS 0x0000000709800000, 0x0000000709800000| Untracked 
|  42|0x0000000709a00000, 0x0000000709a00000, 0x0000000709c00000|  0%| F|  |TAMS 0x0000000709a00000, 0x0000000709a00000| Untracked 
|  43|0x0000000709c00000, 0x0000000709c00000, 0x0000000709e00000|  0%| F|  |TAMS 0x0000000709c00000, 0x0000000709c00000| Untracked 
|  44|0x0000000709e00000, 0x0000000709e00000, 0x000000070a000000|  0%| F|  |TAMS 0x0000000709e00000, 0x0000000709e00000| Untracked 
|  45|0x000000070a000000, 0x000000070a000000, 0x000000070a200000|  0%| F|  |TAMS 0x000000070a000000, 0x000000070a000000| Untracked 
|  46|0x000000070a200000, 0x000000070a200000, 0x000000070a400000|  0%| F|  |TAMS 0x000000070a200000, 0x000000070a200000| Untracked 
|  47|0x000000070a400000, 0x000000070a400000, 0x000000070a600000|  0%| F|  |TAMS 0x000000070a400000, 0x000000070a400000| Untracked 
|  48|0x000000070a600000, 0x000000070a600000, 0x000000070a800000|  0%| F|  |TAMS 0x000000070a600000, 0x000000070a600000| Untracked 
|  49|0x000000070a800000, 0x000000070a800000, 0x000000070aa00000|  0%| F|  |TAMS 0x000000070a800000, 0x000000070a800000| Untracked 
|  50|0x000000070aa00000, 0x000000070aa00000, 0x000000070ac00000|  0%| F|  |TAMS 0x000000070aa00000, 0x000000070aa00000| Untracked 
|  51|0x000000070ac00000, 0x000000070ac00000, 0x000000070ae00000|  0%| F|  |TAMS 0x000000070ac00000, 0x000000070ac00000| Untracked 
|  52|0x000000070ae00000, 0x000000070ae00000, 0x000000070b000000|  0%| F|  |TAMS 0x000000070ae00000, 0x000000070ae00000| Untracked 
|  53|0x000000070b000000, 0x000000070b000000, 0x000000070b200000|  0%| F|  |TAMS 0x000000070b000000, 0x000000070b000000| Untracked 
|  54|0x000000070b200000, 0x000000070b200000, 0x000000070b400000|  0%| F|  |TAMS 0x000000070b200000, 0x000000070b200000| Untracked 
|  55|0x000000070b400000, 0x000000070b400000, 0x000000070b600000|  0%| F|  |TAMS 0x000000070b400000, 0x000000070b400000| Untracked 
|  56|0x000000070b600000, 0x000000070b600000, 0x000000070b800000|  0%| F|  |TAMS 0x000000070b600000, 0x000000070b600000| Untracked 
|  57|0x000000070b800000, 0x000000070b800000, 0x000000070ba00000|  0%| F|  |TAMS 0x000000070b800000, 0x000000070b800000| Untracked 
|  58|0x000000070ba00000, 0x000000070ba00000, 0x000000070bc00000|  0%| F|  |TAMS 0x000000070ba00000, 0x000000070ba00000| Untracked 
|  59|0x000000070bc00000, 0x000000070bc00000, 0x000000070be00000|  0%| F|  |TAMS 0x000000070bc00000, 0x000000070bc00000| Untracked 
|  60|0x000000070be00000, 0x000000070be00000, 0x000000070c000000|  0%| F|  |TAMS 0x000000070be00000, 0x000000070be00000| Untracked 
|  61|0x000000070c000000, 0x000000070c000000, 0x000000070c200000|  0%| F|  |TAMS 0x000000070c000000, 0x000000070c000000| Untracked 
|  62|0x000000070c200000, 0x000000070c200000, 0x000000070c400000|  0%| F|  |TAMS 0x000000070c200000, 0x000000070c200000| Untracked 
|  63|0x000000070c400000, 0x000000070c400000, 0x000000070c600000|  0%| F|  |TAMS 0x000000070c400000, 0x000000070c400000| Untracked 
|  64|0x000000070c600000, 0x000000070c600000, 0x000000070c800000|  0%| F|  |TAMS 0x000000070c600000, 0x000000070c600000| Untracked 
|  65|0x000000070c800000, 0x000000070c800000, 0x000000070ca00000|  0%| F|  |TAMS 0x000000070c800000, 0x000000070c800000| Untracked 
|  66|0x000000070ca00000, 0x000000070ca00000, 0x000000070cc00000|  0%| F|  |TAMS 0x000000070ca00000, 0x000000070ca00000| Untracked 
|  67|0x000000070cc00000, 0x000000070cc00000, 0x000000070ce00000|  0%| F|  |TAMS 0x000000070cc00000, 0x000000070cc00000| Untracked 
|  68|0x000000070ce00000, 0x000000070ce00000, 0x000000070d000000|  0%| F|  |TAMS 0x000000070ce00000, 0x000000070ce00000| Untracked 
|  69|0x000000070d000000, 0x000000070d000000, 0x000000070d200000|  0%| F|  |TAMS 0x000000070d000000, 0x000000070d000000| Untracked 
|  70|0x000000070d200000, 0x000000070d200000, 0x000000070d400000|  0%| F|  |TAMS 0x000000070d200000, 0x000000070d200000| Untracked 
|  71|0x000000070d400000, 0x000000070d400000, 0x000000070d600000|  0%| F|  |TAMS 0x000000070d400000, 0x000000070d400000| Untracked 
|  72|0x000000070d600000, 0x000000070d600000, 0x000000070d800000|  0%| F|  |TAMS 0x000000070d600000, 0x000000070d600000| Untracked 
|  73|0x000000070d800000, 0x000000070d800000, 0x000000070da00000|  0%| F|  |TAMS 0x000000070d800000, 0x000000070d800000| Untracked 
|  74|0x000000070da00000, 0x000000070da00000, 0x000000070dc00000|  0%| F|  |TAMS 0x000000070da00000, 0x000000070da00000| Untracked 
|  75|0x000000070dc00000, 0x000000070dc00000, 0x000000070de00000|  0%| F|  |TAMS 0x000000070dc00000, 0x000000070dc00000| Untracked 
|  76|0x000000070de00000, 0x000000070de00000, 0x000000070e000000|  0%| F|  |TAMS 0x000000070de00000, 0x000000070de00000| Untracked 
|  77|0x000000070e000000, 0x000000070e000000, 0x000000070e200000|  0%| F|  |TAMS 0x000000070e000000, 0x000000070e000000| Untracked 
|  78|0x000000070e200000, 0x000000070e200000, 0x000000070e400000|  0%| F|  |TAMS 0x000000070e200000, 0x000000070e200000| Untracked 
|  79|0x000000070e400000, 0x000000070e400000, 0x000000070e600000|  0%| F|  |TAMS 0x000000070e400000, 0x000000070e400000| Untracked 
|  80|0x000000070e600000, 0x000000070e600000, 0x000000070e800000|  0%| F|  |TAMS 0x000000070e600000, 0x000000070e600000| Untracked 
|  81|0x000000070e800000, 0x000000070e800000, 0x000000070ea00000|  0%| F|  |TAMS 0x000000070e800000, 0x000000070e800000| Untracked 
|  82|0x000000070ea00000, 0x000000070ea00000, 0x000000070ec00000|  0%| F|  |TAMS 0x000000070ea00000, 0x000000070ea00000| Untracked 
|  83|0x000000070ec00000, 0x000000070ec00000, 0x000000070ee00000|  0%| F|  |TAMS 0x000000070ec00000, 0x000000070ec00000| Untracked 
|  84|0x000000070ee00000, 0x000000070ee00000, 0x000000070f000000|  0%| F|  |TAMS 0x000000070ee00000, 0x000000070ee00000| Untracked 
|  85|0x000000070f000000, 0x000000070f000000, 0x000000070f200000|  0%| F|  |TAMS 0x000000070f000000, 0x000000070f000000| Untracked 
|  86|0x000000070f200000, 0x000000070f200000, 0x000000070f400000|  0%| F|  |TAMS 0x000000070f200000, 0x000000070f200000| Untracked 
|  87|0x000000070f400000, 0x000000070f400000, 0x000000070f600000|  0%| F|  |TAMS 0x000000070f400000, 0x000000070f400000| Untracked 
|  88|0x000000070f600000, 0x000000070f600000, 0x000000070f800000|  0%| F|  |TAMS 0x000000070f600000, 0x000000070f600000| Untracked 
|  89|0x000000070f800000, 0x000000070f800000, 0x000000070fa00000|  0%| F|  |TAMS 0x000000070f800000, 0x000000070f800000| Untracked 
|  90|0x000000070fa00000, 0x000000070fa00000, 0x000000070fc00000|  0%| F|  |TAMS 0x000000070fa00000, 0x000000070fa00000| Untracked 
|  91|0x000000070fc00000, 0x000000070fc00000, 0x000000070fe00000|  0%| F|  |TAMS 0x000000070fc00000, 0x000000070fc00000| Untracked 
|  92|0x000000070fe00000, 0x000000070fe00000, 0x0000000710000000|  0%| F|  |TAMS 0x000000070fe00000, 0x000000070fe00000| Untracked 
|  93|0x0000000710000000, 0x0000000710000000, 0x0000000710200000|  0%| F|  |TAMS 0x0000000710000000, 0x0000000710000000| Untracked 
|  94|0x0000000710200000, 0x0000000710200000, 0x0000000710400000|  0%| F|  |TAMS 0x0000000710200000, 0x0000000710200000| Untracked 
|  95|0x0000000710400000, 0x0000000710400000, 0x0000000710600000|  0%| F|  |TAMS 0x0000000710400000, 0x0000000710400000| Untracked 
|  96|0x0000000710600000, 0x0000000710600000, 0x0000000710800000|  0%| F|  |TAMS 0x0000000710600000, 0x0000000710600000| Untracked 
|  97|0x0000000710800000, 0x0000000710800000, 0x0000000710a00000|  0%| F|  |TAMS 0x0000000710800000, 0x0000000710800000| Untracked 
|  98|0x0000000710a00000, 0x0000000710a00000, 0x0000000710c00000|  0%| F|  |TAMS 0x0000000710a00000, 0x0000000710a00000| Untracked 
|  99|0x0000000710c00000, 0x0000000710c00000, 0x0000000710e00000|  0%| F|  |TAMS 0x0000000710c00000, 0x0000000710c00000| Untracked 
| 100|0x0000000710e00000, 0x0000000710e00000, 0x0000000711000000|  0%| F|  |TAMS 0x0000000710e00000, 0x0000000710e00000| Untracked 
| 101|0x0000000711000000, 0x0000000711000000, 0x0000000711200000|  0%| F|  |TAMS 0x0000000711000000, 0x0000000711000000| Untracked 
| 102|0x0000000711200000, 0x0000000711200000, 0x0000000711400000|  0%| F|  |TAMS 0x0000000711200000, 0x0000000711200000| Untracked 
| 103|0x0000000711400000, 0x0000000711400000, 0x0000000711600000|  0%| F|  |TAMS 0x0000000711400000, 0x0000000711400000| Untracked 
| 104|0x0000000711600000, 0x0000000711600000, 0x0000000711800000|  0%| F|  |TAMS 0x0000000711600000, 0x0000000711600000| Untracked 
| 105|0x0000000711800000, 0x0000000711800000, 0x0000000711a00000|  0%| F|  |TAMS 0x0000000711800000, 0x0000000711800000| Untracked 
| 106|0x0000000711a00000, 0x0000000711a00000, 0x0000000711c00000|  0%| F|  |TAMS 0x0000000711a00000, 0x0000000711a00000| Untracked 
| 107|0x0000000711c00000, 0x0000000711c00000, 0x0000000711e00000|  0%| F|  |TAMS 0x0000000711c00000, 0x0000000711c00000| Untracked 
| 108|0x0000000711e00000, 0x0000000711e00000, 0x0000000712000000|  0%| F|  |TAMS 0x0000000711e00000, 0x0000000711e00000| Untracked 
| 109|0x0000000712000000, 0x0000000712000000, 0x0000000712200000|  0%| F|  |TAMS 0x0000000712000000, 0x0000000712000000| Untracked 
| 110|0x0000000712200000, 0x0000000712200000, 0x0000000712400000|  0%| F|  |TAMS 0x0000000712200000, 0x0000000712200000| Untracked 
| 111|0x0000000712400000, 0x0000000712400000, 0x0000000712600000|  0%| F|  |TAMS 0x0000000712400000, 0x0000000712400000| Untracked 
| 112|0x0000000712600000, 0x0000000712600000, 0x0000000712800000|  0%| F|  |TAMS 0x0000000712600000, 0x0000000712600000| Untracked 
| 113|0x0000000712800000, 0x0000000712800000, 0x0000000712a00000|  0%| F|  |TAMS 0x0000000712800000, 0x0000000712800000| Untracked 
| 114|0x0000000712a00000, 0x0000000712a00000, 0x0000000712c00000|  0%| F|  |TAMS 0x0000000712a00000, 0x0000000712a00000| Untracked 
| 115|0x0000000712c00000, 0x0000000712c00000, 0x0000000712e00000|  0%| F|  |TAMS 0x0000000712c00000, 0x0000000712c00000| Untracked 
| 116|0x0000000712e00000, 0x0000000712e00000, 0x0000000713000000|  0%| F|  |TAMS 0x0000000712e00000, 0x0000000712e00000| Untracked 
| 117|0x0000000713000000, 0x0000000713000000, 0x0000000713200000|  0%| F|  |TAMS 0x0000000713000000, 0x0000000713000000| Untracked 
| 118|0x0000000713200000, 0x0000000713200000, 0x0000000713400000|  0%| F|  |TAMS 0x0000000713200000, 0x0000000713200000| Untracked 
| 119|0x0000000713400000, 0x0000000713400000, 0x0000000713600000|  0%| F|  |TAMS 0x0000000713400000, 0x0000000713400000| Untracked 
| 120|0x0000000713600000, 0x0000000713600000, 0x0000000713800000|  0%| F|  |TAMS 0x0000000713600000, 0x0000000713600000| Untracked 
| 121|0x0000000713800000, 0x0000000713800000, 0x0000000713a00000|  0%| F|  |TAMS 0x0000000713800000, 0x0000000713800000| Untracked 
| 122|0x0000000713a00000, 0x0000000713a00000, 0x0000000713c00000|  0%| F|  |TAMS 0x0000000713a00000, 0x0000000713a00000| Untracked 
| 123|0x0000000713c00000, 0x0000000713c00000, 0x0000000713e00000|  0%| F|  |TAMS 0x0000000713c00000, 0x0000000713c00000| Untracked 
| 124|0x0000000713e00000, 0x0000000713e00000, 0x0000000714000000|  0%| F|  |TAMS 0x0000000713e00000, 0x0000000713e00000| Untracked 
| 125|0x0000000714000000, 0x00000007141c2a48, 0x0000000714200000| 88%| E|  |TAMS 0x0000000714000000, 0x0000000714000000| Complete 

Card table byte_map: [0x0000023edc810000,0x0000023edcff0000] _byte_map_base: 0x0000023ed8fed000

Marking Bits (Prev, Next): (CMBitMap*) 0x0000023ec9488df0, (CMBitMap*) 0x0000023ec9488e30
 Prev Bits: [0x0000023edd7d0000, 0x0000023ee16b8000)
 Next Bits: [0x0000023ee16c0000, 0x0000023ee55a8000)

Polling page: 0x0000023ec73d0000

Metaspace:

Usage:
  Non-class:      3.21 MB used.
      Class:    281.41 KB used.
       Both:      3.48 MB used.

Virtual space:
  Non-class space:        8.00 MB reserved,       3.25 MB ( 41%) committed,  1 nodes.
      Class space:        1.00 GB reserved,     320.00 KB ( <1%) committed,  1 nodes.
             Both:        1.01 GB reserved,       3.56 MB ( <1%) committed. 

Chunk freelists:
   Non-Class:  0 bytes
       Class:  3.62 MB
        Both:  3.62 MB

MaxMetaspaceSize: unlimited
CompressedClassSpaceSize: 1.00 GB
Initial GC threshold: 21.00 MB
Current GC threshold: 21.00 MB
CDS: off
MetaspaceReclaimPolicy: balanced
 - commit_granule_bytes: 65536.
 - commit_granule_words: 8192.
 - virtual_space_node_default_size: 1048576.
 - enlarge_chunks_in_place: 1.
 - new_chunks_are_fully_committed: 0.
 - uncommit_free_chunks: 1.
 - use_allocation_guard: 0.
 - handle_deallocations: 1.


Internal statistics:

num_allocs_failed_limit: 0.
num_arena_births: 2.
num_arena_deaths: 0.
num_vsnodes_births: 2.
num_vsnodes_deaths: 0.
num_space_committed: 57.
num_space_uncommitted: 0.
num_chunks_returned_to_freelist: 0.
num_chunks_taken_from_freelist: 4.
num_chunk_merges: 0.
num_chunk_splits: 1.
num_chunks_enlarged: 0.
num_purges: 0.
num_inconsistent_stats: 0.

CodeHeap 'non-profiled nmethods': size=120000Kb used=11Kb max_used=11Kb free=119988Kb
 bounds [0x0000023ed45b0000, 0x0000023ed4820000, 0x0000023edbae0000]
CodeHeap 'profiled nmethods': size=120000Kb used=75Kb max_used=75Kb free=119924Kb
 bounds [0x0000023ecd080000, 0x0000023ecd2f0000, 0x0000023ed45b0000]
CodeHeap 'non-nmethods': size=5760Kb used=1035Kb max_used=1040Kb free=4724Kb
 bounds [0x0000023eccae0000, 0x0000023eccd50000, 0x0000023ecd080000]
 total_blobs=346 nmethods=56 adapters=203
 compilation: enabled
              stopped_count=0, restarted_count=0
 full_count=0

Compilation events (20 events):
Event: 0.200 Thread 0x0000023ee8ce6f10   47       3       java.util.HashMap$Node::<init> (26 bytes)
Event: 0.200 Thread 0x0000023ee8ce6f10 nmethod 47 0x0000023ecd091b90 code [0x0000023ecd091d40, 0x0000023ecd091fd8]
Event: 0.200 Thread 0x0000023ee8ce6f10   49       3       java.util.HashMap::afterNodeInsertion (1 bytes)
Event: 0.200 Thread 0x0000023ee8ce6f10 nmethod 49 0x0000023ecd092090 code [0x0000023ecd092220, 0x0000023ecd092338]
Event: 0.200 Thread 0x0000023ee8ce6f10   50       3       java.util.HashMap::put (13 bytes)
Event: 0.200 Thread 0x0000023ee8ce6f10 nmethod 50 0x0000023ecd092410 code [0x0000023ecd0925c0, 0x0000023ecd0928b8]
Event: 0.200 Thread 0x0000023ee8ce6f10   45       1       java.lang.module.ModuleDescriptor$Exports::source (5 bytes)
Event: 0.200 Thread 0x0000023ee8ce6f10 nmethod 45 0x0000023ed45b1b90 code [0x0000023ed45b1d20, 0x0000023ed45b1df8]
Event: 0.200 Thread 0x0000023ee8ce6f10   53       3       java.util.HashMap::get (19 bytes)
Event: 0.200 Thread 0x0000023ee8ce6f10 nmethod 53 0x0000023ecd092a10 code [0x0000023ecd092bc0, 0x0000023ecd092d88]
Event: 0.200 Thread 0x0000023ee8ce6f10   43       1       java.lang.module.ResolvedModule::reference (5 bytes)
Event: 0.201 Thread 0x0000023ee8ce6f10 nmethod 43 0x0000023ed45b1e90 code [0x0000023ed45b2020, 0x0000023ed45b20f8]
Event: 0.201 Thread 0x0000023ee8ce6f10   48       1       java.lang.module.ModuleDescriptor::isAutomatic (5 bytes)
Event: 0.201 Thread 0x0000023ee8ce6f10 nmethod 48 0x0000023ed45b2190 code [0x0000023ed45b2320, 0x0000023ed45b23f8]
Event: 0.201 Thread 0x0000023ee8ce6f10   55       1       java.lang.module.ResolvedModule::configuration (5 bytes)
Event: 0.201 Thread 0x0000023ee8ce6f10 nmethod 55 0x0000023ed45b2490 code [0x0000023ed45b2620, 0x0000023ed45b26f8]
Event: 0.201 Thread 0x0000023ee8ce6f10   54       1       java.lang.module.ModuleDescriptor$Exports::targets (5 bytes)
Event: 0.201 Thread 0x0000023ee8ce6f10 nmethod 54 0x0000023ed45b2790 code [0x0000023ed45b2920, 0x0000023ed45b29f8]
Event: 0.201 Thread 0x0000023ee8ce6f10   56       1       java.util.ImmutableCollections$Set12::isEmpty (2 bytes)
Event: 0.201 Thread 0x0000023ee8ce6f10 nmethod 56 0x0000023ed45b2a90 code [0x0000023ed45b2c20, 0x0000023ed45b2cf8]

GC Heap History (0 events):
No events

Deoptimization events (0 events):
No events

Classes unloaded (0 events):
No events

Classes redefined (0 events):
No events

Internal exceptions (0 events):
No events

VM Operations (0 events):
No events

Events (20 events):
Event: 0.200 loading class java/lang/ModuleLayer$Controller
Event: 0.200 loading class java/lang/ModuleLayer$Controller done
Event: 0.200 loading class java/lang/invoke/StringConcatFactory
Event: 0.200 loading class java/lang/invoke/StringConcatFactory done
Event: 0.200 loading class java/lang/invoke/StringConcatFactory$1
Event: 0.200 loading class java/lang/invoke/StringConcatFactory$1 done
Event: 0.200 loading class java/lang/invoke/StringConcatFactory$2
Event: 0.200 loading class java/lang/invoke/StringConcatFactory$2 done
Event: 0.200 loading class java/lang/invoke/StringConcatFactory$3
Event: 0.200 loading class java/lang/invoke/StringConcatFactory$3 done
Event: 0.200 loading class java/lang/reflect/Array
Event: 0.200 loading class java/lang/reflect/Array done
Event: 0.200 Thread 0x0000023ee8e45c10 Thread added: 0x0000023ee8e45c10
Event: 0.200 loading class jdk/internal/vm/PostVMInitHook
Event: 0.200 loading class jdk/internal/vm/PostVMInitHook done
Event: 0.200 loading class sun/launcher/LauncherHelper
Event: 0.201 loading class sun/launcher/LauncherHelper done
Event: 0.201 loading class sun/net/util/URLUtil
Event: 0.201 loading class sun/net/util/URLUtil done
Event: 0.201 loading class java/util/Locale


Dynamic libraries:
0x00007ff79caf0000 - 0x00007ff79cafe000 	C:\Program Files\Java\eclipse\plugins\org.eclipse.justj.openjdk.hotspot.jre.full.win32.x86_64_17.0.4.v20220903-1038\jre\bin\javaw.exe
0x00007ff8f88b0000 - 0x00007ff8f8ac7000 	C:\Windows\SYSTEM32\ntdll.dll
0x00007ff8f78e0000 - 0x00007ff8f79a4000 	C:\Windows\System32\KERNEL32.DLL
0x00007ff8f6050000 - 0x00007ff8f63f5000 	C:\Windows\System32\KERNELBASE.dll
0x00007ff8f5c20000 - 0x00007ff8f5d31000 	C:\Windows\System32\ucrtbase.dll
0x00007ff8e5c90000 - 0x00007ff8e5ca9000 	C:\Program Files\Java\eclipse\plugins\org.eclipse.justj.openjdk.hotspot.jre.full.win32.x86_64_17.0.4.v20220903-1038\jre\bin\VCRUNTIME140.dll
0x00007ff8f2550000 - 0x00007ff8f2568000 	C:\Program Files\Java\eclipse\plugins\org.eclipse.justj.openjdk.hotspot.jre.full.win32.x86_64_17.0.4.v20220903-1038\jre\bin\jli.dll
0x00007ff8f6780000 - 0x00007ff8f692e000 	C:\Windows\System32\USER32.dll
0x00007ff8f6510000 - 0x00007ff8f6536000 	C:\Windows\System32\win32u.dll
0x00007ff8f8250000 - 0x00007ff8f8279000 	C:\Windows\System32\GDI32.dll
0x00007ff8d27f0000 - 0x00007ff8d2a83000 	C:\Windows\WinSxS\amd64_microsoft.windows.common-controls_6595b64144ccf1df_6.0.22621.2506_none_270c5ae97388e100\COMCTL32.dll
0x00007ff8f5eb0000 - 0x00007ff8f5fc9000 	C:\Windows\System32\gdi32full.dll
0x00007ff8f66b0000 - 0x00007ff8f6757000 	C:\Windows\System32\msvcrt.dll
0x00007ff8f6470000 - 0x00007ff8f650a000 	C:\Windows\System32\msvcp_win.dll
0x00007ff8f7ff0000 - 0x00007ff8f8021000 	C:\Windows\System32\IMM32.DLL
0x00007ff8e5c80000 - 0x00007ff8e5c8c000 	C:\Program Files\Java\eclipse\plugins\org.eclipse.justj.openjdk.hotspot.jre.full.win32.x86_64_17.0.4.v20220903-1038\jre\bin\vcruntime140_1.dll
0x00007ff8c19c0000 - 0x00007ff8c1a51000 	C:\Program Files\Java\eclipse\plugins\org.eclipse.justj.openjdk.hotspot.jre.full.win32.x86_64_17.0.4.v20220903-1038\jre\bin\msvcp140.dll
0x00007ff8ad110000 - 0x00007ff8add56000 	C:\Program Files\Java\eclipse\plugins\org.eclipse.justj.openjdk.hotspot.jre.full.win32.x86_64_17.0.4.v20220903-1038\jre\bin\server\jvm.dll
0x00007ff8f7e30000 - 0x00007ff8f7ee1000 	C:\Windows\System32\ADVAPI32.dll
0x00007ff8f83f0000 - 0x00007ff8f8496000 	C:\Windows\System32\sechost.dll
0x00007ff8f8130000 - 0x00007ff8f8247000 	C:\Windows\System32\RPCRT4.dll
0x00007ff8f84a0000 - 0x00007ff8f84a8000 	C:\Windows\System32\PSAPI.DLL
0x00007ff8e4880000 - 0x00007ff8e48b4000 	C:\Windows\SYSTEM32\WINMM.dll
0x00007ff8e60a0000 - 0x00007ff8e60a9000 	C:\Windows\SYSTEM32\WSOCK32.dll
0x00007ff8e56f0000 - 0x00007ff8e56fa000 	C:\Windows\SYSTEM32\VERSION.dll
0x00007ff8f6f80000 - 0x00007ff8f6ff1000 	C:\Windows\System32\WS2_32.dll
0x00007ff8f4c70000 - 0x00007ff8f4c88000 	C:\Windows\SYSTEM32\kernel.appcore.dll
0x00007ff8e40a0000 - 0x00007ff8e40aa000 	C:\Program Files\Java\eclipse\plugins\org.eclipse.justj.openjdk.hotspot.jre.full.win32.x86_64_17.0.4.v20220903-1038\jre\bin\jimage.dll
0x00007ff8df0c0000 - 0x00007ff8df2f3000 	C:\Windows\SYSTEM32\DBGHELP.DLL
0x00007ff8f6a30000 - 0x00007ff8f6db9000 	C:\Windows\System32\combase.dll
0x00007ff8f8280000 - 0x00007ff8f8357000 	C:\Windows\System32\OLEAUT32.dll
0x00007ff8db640000 - 0x00007ff8db672000 	C:\Windows\SYSTEM32\dbgcore.DLL
0x00007ff8f5fd0000 - 0x00007ff8f604a000 	C:\Windows\System32\bcryptPrimitives.dll
0x00007ff8dc450000 - 0x00007ff8dc475000 	C:\Program Files\Java\eclipse\plugins\org.eclipse.justj.openjdk.hotspot.jre.full.win32.x86_64_17.0.4.v20220903-1038\jre\bin\java.dll
0x00007ff8dc430000 - 0x00007ff8dc448000 	C:\Program Files\Java\eclipse\plugins\org.eclipse.justj.openjdk.hotspot.jre.full.win32.x86_64_17.0.4.v20220903-1038\jre\bin\zip.dll
0x00007ff8f7080000 - 0x00007ff8f78d9000 	C:\Windows\System32\SHELL32.dll
0x00007ff8f3b50000 - 0x00007ff8f4444000 	C:\Windows\SYSTEM32\windows.storage.dll
0x00007ff8f3a10000 - 0x00007ff8f3b4e000 	C:\Windows\SYSTEM32\wintypes.dll
0x00007ff8f6930000 - 0x00007ff8f6a23000 	C:\Windows\System32\SHCORE.dll
0x00007ff8f8500000 - 0x00007ff8f855e000 	C:\Windows\System32\shlwapi.dll
0x00007ff8f5b50000 - 0x00007ff8f5b76000 	C:\Windows\SYSTEM32\profapi.dll

dbghelp: loaded successfully - version: 4.0.5 - missing functions: none
symbol engine: initialized successfully - sym options: 0x614 - pdb path: .;C:\Program Files\Java\eclipse\plugins\org.eclipse.justj.openjdk.hotspot.jre.full.win32.x86_64_17.0.4.v20220903-1038\jre\bin;C:\Windows\SYSTEM32;C:\Windows\WinSxS\amd64_microsoft.windows.common-controls_6595b64144ccf1df_6.0.22621.2506_none_270c5ae97388e100;C:\Program Files\Java\eclipse\plugins\org.eclipse.justj.openjdk.hotspot.jre.full.win32.x86_64_17.0.4.v20220903-1038\jre\bin\server

VM Arguments:
jvm_args: -Dfile.encoding=UTF-8 -XX:+ShowCodeDetailsInExceptionMessages 
java_command: StudentFile.stuMain
java_class_path (initial): C:\Users\itwill\git\Coobject\StudentMVC1\bin
Launcher Type: SUN_STANDARD

[Global flags]
     intx CICompilerCount                          = 4                                         {product} {ergonomic}
     uint ConcGCThreads                            = 3                                         {product} {ergonomic}
     uint G1ConcRefinementThreads                  = 10                                        {product} {ergonomic}
   size_t G1HeapRegionSize                         = 2097152                                   {product} {ergonomic}
    uintx GCDrainStackTargetSize                   = 64                                        {product} {ergonomic}
   size_t InitialHeapSize                          = 264241152                                 {product} {ergonomic}
   size_t MarkStackSize                            = 4194304                                   {product} {ergonomic}
   size_t MaxHeapSize                              = 4221566976                                {product} {ergonomic}
   size_t MaxNewSize                               = 2531262464                                {product} {ergonomic}
   size_t MinHeapDeltaBytes                        = 2097152                                   {product} {ergonomic}
   size_t MinHeapSize                              = 8388608                                   {product} {ergonomic}
    uintx NonNMethodCodeHeapSize                   = 5839372                                {pd product} {ergonomic}
    uintx NonProfiledCodeHeapSize                  = 122909434                              {pd product} {ergonomic}
    uintx ProfiledCodeHeapSize                     = 122909434                              {pd product} {ergonomic}
    uintx ReservedCodeCacheSize                    = 251658240                              {pd product} {ergonomic}
     bool SegmentedCodeCache                       = true                                      {product} {ergonomic}
     bool ShowCodeDetailsInExceptionMessages       = true                                   {manageable} {command line}
   size_t SoftMaxHeapSize                          = 4221566976                             {manageable} {ergonomic}
     bool UseCompressedClassPointers               = true                           {product lp64_product} {ergonomic}
     bool UseCompressedOops                        = true                           {product lp64_product} {ergonomic}
     bool UseG1GC                                  = true                                      {product} {ergonomic}
     bool UseLargePagesIndividualAllocation        = false                                  {pd product} {ergonomic}

Logging:
Log output configuration:
 #0: stdout all=warning uptime,level,tags
 #1: stderr all=off uptime,level,tags

Environment Variables:
JAVA_HOME=C:\Program Files\Java\jdk-1.8\bin
CLASSPATH=C:\Program Files\Java\jdk-1.8\bin\lib\tools.jar
PATH=C:/Program Files/Java/eclipse//plugins/org.eclipse.justj.openjdk.hotspot.jre.full.win32.x86_64_17.0.4.v20220903-1038/jre/bin/server;C:/Program Files/Java/eclipse//plugins/org.eclipse.justj.openjdk.hotspot.jre.full.win32.x86_64_17.0.4.v20220903-1038/jre/bin;C:\Program Files\Java\jdk-1.8\bin;C:\Program Files (x86)\Common Files\Oracle\Java\javapath;C:\Windows\system32;C:\Windows;C:\Windows\System32\Wbem;C:\Windows\System32\WindowsPowerShell\v1.0\;C:\Windows\System32\OpenSSH\;C:\Program Files\Java\jdk-1.8\bin\bin;C:\Program Files\Git\cmd;C:\Users\itwill\AppData\Local\Microsoft\WindowsApps;;C:\Program Files\Java\eclipse;
USERNAME=itwill
OS=Windows_NT
PROCESSOR_IDENTIFIER=Intel64 Family 6 Model 151 Stepping 2, GenuineIntel
TMP=C:\Users\itwill\AppData\Local\Temp
TEMP=C:\Users\itwill\AppData\Local\Temp



---------------  S Y S T E M  ---------------

OS:
 Windows 11 , 64 bit Build 22621 (10.0.22621.2506)
OS uptime: 5 days 9:25 hours

CPU: total 12 (initial active 12) (6 cores per cpu, 2 threads per core) family 6 model 151 stepping 2 microcode 0x1e, cx8, cmov, fxsr, ht, mmx, 3dnowpref, sse, sse2, sse3, ssse3, sse4.1, sse4.2, popcnt, lzcnt, tsc, tscinvbit, avx, avx2, aes, erms, clmul, bmi1, bmi2, adx, sha, fma, vzeroupper, clflush, clflushopt, clwb

Memory: 4k page, system-wide physical 16099M (7257M free)
TotalPageFile size 46521M (AvailPageFile size 4M)
current process WorkingSet (physical memory assigned to process): 28M, peak: 28M
current process commit charge ("private bytes"): 335M, peak: 335M

vm_info: OpenJDK 64-Bit Server VM (17.0.4.1+1) for windows-amd64 JRE (17.0.4.1+1), built on Aug 17 2022 07:42:43 by "temurin" with MS VC++ 16.7 (VS2019)

END.
